0 info it worked if it ends with ok
1 verbose cli [ 'C:\\Program Files\\nodejs\\node.exe',
1 verbose cli   'C:\\Program Files\\nodejs\\node_modules\\npm\\bin\\npm-cli.js',
1 verbose cli   'run',
1 verbose cli   'dev' ]
2 info using npm@3.10.3
3 info using node@v6.5.0
4 verbose run-script [ 'predev', 'dev', 'postdev' ]
5 info lifecycle ES6@1.0.0~predev: ES6@1.0.0
6 silly lifecycle ES6@1.0.0~predev: no script for predev, continuing
7 info lifecycle ES6@1.0.0~dev: ES6@1.0.0
8 verbose lifecycle ES6@1.0.0~dev: unsafe-perm in lifecycle true
9 verbose lifecycle ES6@1.0.0~dev: PATH: C:\Program Files\nodejs\node_modules\npm\bin\node-gyp-bin;D:\knowlage\ES6\raccon.github.io\node_modules\.bin;C:\Program Files\nodejs;C:\MMSAutomation\versions\bin;C:\Program Files (x86)\Intel\iCLS Client\;C:\Program Files\Intel\iCLS Client\;C:\ProgramData\Oracle\Java\javapath;C:\Windows\system32;C:\Windows;C:\Windows\System32\Wbem;C:\Windows\System32\WindowsPowerShell\v1.0\;C:\ProgramData\chocolatey\bin;C:\Program Files\Intel\WiFi\bin\;C:\Program Files\Common Files\Intel\WirelessCommon\;C:\Program Files (x86)\NVIDIA Corporation\PhysX\Common;C:\Program Files (x86)\Intel\Intel(R) Management Engine Components\DAL;C:\Program Files\Intel\Intel(R) Management Engine Components\DAL;C:\Program Files (x86)\Intel\Intel(R) Management Engine Components\IPT;C:\Program Files\Intel\Intel(R) Management Engine Components\IPT;C:\Program Files\nodejs\;C:\Program Files\Git\cmd;C:\WINDOWS\system32;C:\WINDOWS;C:\WINDOWS\System32\Wbem;C:\WINDOWS\System32\WindowsPowerShell\v1.0\;C:\OpenServer\modules\php\PHP-5.5-x64;C:\ProgramData\ComposerSetup\bin;C:\Program Files (x86)\Brackets\command;C:\Program Files (x86)\Skype\Phone\;C:\Users\y.troniak\AppData\Local\Android\sdk\platform-tools;C:\Users\y.troniak\AppData\Local\Android\sdk\tools;C:\Users\y.troniak\AppData\Local\.meteor;C:\Program Files (x86)\Microsoft VS Code\bin;C:\Users\y.troniak\AppData\Roaming\npm
10 verbose lifecycle ES6@1.0.0~dev: CWD: D:\knowlage\ES6\raccon.github.io
11 silly lifecycle ES6@1.0.0~dev: Args: [ '/d /s /c',
11 silly lifecycle   'webpack-dev-server --inline --hot --progress --watch-poll --open' ]
12 silly lifecycle ES6@1.0.0~dev: Returned: code: 1  signal: null
13 info lifecycle ES6@1.0.0~dev: Failed to exec dev script
14 verbose stack Error: ES6@1.0.0 dev: `webpack-dev-server --inline --hot --progress --watch-poll --open`
14 verbose stack Exit status 1
14 verbose stack     at EventEmitter.<anonymous> (C:\Program Files\nodejs\node_modules\npm\lib\utils\lifecycle.js:242:16)
14 verbose stack     at emitTwo (events.js:106:13)
14 verbose stack     at EventEmitter.emit (events.js:191:7)
14 verbose stack     at ChildProcess.<anonymous> (C:\Program Files\nodejs\node_modules\npm\lib\utils\spawn.js:40:14)
14 verbose stack     at emitTwo (events.js:106:13)
14 verbose stack     at ChildProcess.emit (events.js:191:7)
14 verbose stack     at maybeClose (internal/child_process.js:877:16)
14 verbose stack     at Process.ChildProcess._handle.onexit (internal/child_process.js:226:5)
15 verbose pkgid ES6@1.0.0
16 verbose cwd D:\knowlage\ES6\raccon.github.io
17 error Windows_NT 10.0.14393
18 error argv "C:\\Program Files\\nodejs\\node.exe" "C:\\Program Files\\nodejs\\node_modules\\npm\\bin\\npm-cli.js" "run" "dev"
19 error node v6.5.0
20 error npm  v3.10.3
21 error code ELIFECYCLE
22 error ES6@1.0.0 dev: `webpack-dev-server --inline --hot --progress --watch-poll --open`
22 error Exit status 1
23 error Failed at the ES6@1.0.0 dev script 'webpack-dev-server --inline --hot --progress --watch-poll --open'.
23 error Make sure you have the latest version of node.js and npm installed.
23 error If you do, this is most likely a problem with the ES6 package,
23 error not with npm itself.
23 error Tell the author that this fails on your system:
23 error     webpack-dev-server --inline --hot --progress --watch-poll --open
23 error You can get information on how to open an issue for this project with:
23 error     npm bugs ES6
23 error Or if that isn't available, you can get their info via:
23 error     npm owner ls ES6
23 error There is likely additional logging output above.
24 verbose exit [ 1, true ]
